15:28:17.596 [main] INFO  testCases.TC_01 - **Practo Url opended Successfully**
15:28:56.798 [main] INFO  testCases.TC_01 - ****checking the selected location ****
15:28:56.969 [main] INFO  testCases.TC_01 - checking the selected specialist
15:28:57.339 [main] INFO  testCases.TC_01 - giving the options in dropdowns
15:29:52.365 [main] INFO  testCases.TC_01 - First five doctor detials entered succesfully in Excel
15:30:40.308 [main] INFO  testCases.TC_02 - **Surgies page opended Successfully**
15:30:40.313 [main] INFO  testCases.TC_02 - ****Surgieres list printed****
15:31:42.550 [main] INFO  testCases.TC_03 - **Demo form page opended Successfully**
15:31:44.344 [main] INFO  testCases.TC_03 - ****submit button disabled****
15:32:50.594 [main] INFO  testCases.TC_04 - **Practo Url opended Successfully**
15:32:52.674 [main] INFO  testCases.TC_04 - ****submit button enabled****
15:33:08.464 [main] INFO  testCases.TC_04 - thank you msg displayed
15:33:58.903 [main] INFO  testCases.TC_05 - ****Starting Testcase ten extracting doctor detials****
15:38:12.082 [main] INFO  testCases.TC_05 - ****submit button disabled****
15:38:12.082 [main] INFO  testCases.TC_05 - ***TestCase three excuted successfully***
15:38:17.520 [main] INFO  testCases.TC_05 - ****submit button enabled****
10:21:36.583 [main] INFO  testCases.TC_01 - **Practo Url opended Successfully**
10:22:40.145 [main] INFO  testCases.TC_01 - ****checking the selected location ****
10:22:40.290 [main] INFO  testCases.TC_01 - checking the selected specialist
10:22:40.603 [main] INFO  testCases.TC_01 - giving the options in dropdowns
10:26:12.691 [main] INFO  testCases.TC_01 - First five doctor detials entered succesfully in Excel
10:27:30.220 [main] INFO  testCases.TC_02 - **Surgies page opended Successfully**
10:27:30.224 [main] INFO  testCases.TC_02 - ****Surgieres list printed****
10:29:00.905 [main] INFO  testCases.TC_03 - **Demo form page opended Successfully**
10:29:01.905 [main] INFO  testCases.TC_03 - ****submit button disabled****
10:30:29.418 [main] INFO  testCases.TC_04 - **Practo Url opended Successfully**
10:30:30.680 [main] INFO  testCases.TC_04 - ****submit button enabled****
10:30:31.376 [main] INFO  testCases.TC_04 - thank you msg displayed
10:31:17.644 [main] INFO  testCases.TC_05 - ****Starting Testcase ten extracting doctor detials****
10:36:21.760 [main] INFO  testCases.TC_05 - ****submit button disabled****
10:36:21.760 [main] INFO  testCases.TC_05 - ***TestCase three excuted successfully***
10:37:04.924 [main] INFO  testCases.TC_05 - ****submit button enabled****
10:58:34.738 [main] INFO  testCases.TC_01 - **Practo Url opended Successfully**
10:58:42.728 [main] INFO  testCases.TC_01 - ****checking the selected location ****
10:58:42.846 [main] INFO  testCases.TC_01 - checking the selected specialist
10:58:43.123 [main] INFO  testCases.TC_01 - giving the options in dropdowns
10:59:00.283 [main] INFO  testCases.TC_01 - First five doctor detials entered succesfully in Excel
10:59:11.097 [main] INFO  testCases.TC_02 - **Surgies page opended Successfully**
10:59:11.100 [main] INFO  testCases.TC_02 - ****Surgieres list printed****
10:59:28.414 [main] INFO  testCases.TC_03 - **Demo form page opended Successfully**
10:59:29.479 [main] INFO  testCases.TC_03 - ****submit button disabled****
10:59:47.601 [main] INFO  testCases.TC_04 - **Practo Url opended Successfully**
10:59:48.609 [main] INFO  testCases.TC_04 - ****submit button enabled****
10:59:51.264 [main] INFO  testCases.TC_04 - thank you msg displayed
11:00:01.308 [main] INFO  testCases.TC_05 - ****Starting Testcase ten extracting doctor detials****
11:00:36.374 [main] INFO  testCases.TC_05 - ****submit button disabled****
11:00:36.374 [main] INFO  testCases.TC_05 - ***TestCase three excuted successfully***
11:00:39.194 [main] INFO  testCases.TC_05 - ****submit button enabled****
